This is pdfTeX, Version 3.14159265-2.6-1.40.18 (TeX Live 2017) (preloaded format=pdflatex 2018.4.13)  11 MAY 2020 21:52
entering extended mode
 restricted \write18 enabled.
 %&-line parsing enabled.
**"Spatial Community Clustering in Gut Microbiome.tex"
(./Spatial Community Clustering in Gut Microbiome.tex
LaTeX2e <2017-04-15>
Babel <3.10> and hyphenation patterns for 84 language(s) loaded.
(./bioinfo.cls
Document Class: bioinfo 2003/02/08 0.1
(/usr/local/texlive/2017/texmf-dist/tex/latex/base/inputenc.sty
Package: inputenc 2015/03/17 v1.2c Input encoding file
\inpenc@prehook=\toks14
\inpenc@posthook=\toks15
) (./crop.sty
Package: crop 2001/11/16 v1.6 cropmarks (mf)
\CROP@width=\dimen102
\CROP@height=\dimen103
\CROP@index=\count79

(/usr/local/texlive/2017/texmf-dist/tex/latex/graphics/graphics.sty
Package: graphics 2017/04/14 v1.1b Standard LaTeX Graphics (DPC,SPQR)

(/usr/local/texlive/2017/texmf-dist/tex/latex/graphics/trig.sty
Package: trig 2016/01/03 v1.10 sin cos tan (DPC)
)
(/usr/local/texlive/2017/texmf-dist/tex/latex/graphics-cfg/graphics.cfg
File: graphics.cfg 2016/06/04 v1.11 sample graphics configuration
)
Package graphics Info: Driver file: pdftex.def on input line 99.

(/usr/local/texlive/2017/texmf-dist/tex/latex/graphics-def/pdftex.def
File: pdftex.def 2017/01/12 v0.06k Graphics/color for pdfTeX

(/usr/local/texlive/2017/texmf-dist/tex/generic/oberdiek/infwarerr.sty
Package: infwarerr 2016/05/16 v1.4 Providing info/warning/error messages (HO)
)
(/usr/local/texlive/2017/texmf-dist/tex/generic/oberdiek/ltxcmds.sty
Package: ltxcmds 2016/05/16 v1.23 LaTeX kernel commands for general use (HO)
)
\Gread@gobject=\count80
))
\CROP@offset=\count81
Package crop Info: Local config file crop.cfg used on input line 344.

(./crop.cfg))
Package crop Info: using pdf(la)tex graphics driver on input line 31.
 (./graphicx.sty
Package: graphicx 1999/02/16 v1.0f Enhanced LaTeX Graphics (DPC,SPQR)

(/usr/local/texlive/2017/texmf-dist/tex/latex/graphics/keyval.sty
Package: keyval 2014/10/28 v1.15 key=value parser (DPC)
\KV@toks@=\toks16
)
\Gin@req@height=\dimen104
\Gin@req@width=\dimen105
)
(/usr/local/texlive/2017/texmf-dist/tex/latex/amsmath/amsmath.sty
Package: amsmath 2016/11/05 v2.16a AMS math features
\@mathmargin=\skip41

For additional information on amsmath, use the `?' option.
(/usr/local/texlive/2017/texmf-dist/tex/latex/amsmath/amstext.sty
Package: amstext 2000/06/29 v2.01 AMS text

(/usr/local/texlive/2017/texmf-dist/tex/latex/amsmath/amsgen.sty
File: amsgen.sty 1999/11/30 v2.0 generic functions
\@emptytoks=\toks17
\ex@=\dimen106
))
(/usr/local/texlive/2017/texmf-dist/tex/latex/amsmath/amsbsy.sty
Package: amsbsy 1999/11/29 v1.2d Bold Symbols
\pmbraise@=\dimen107
)
(/usr/local/texlive/2017/texmf-dist/tex/latex/amsmath/amsopn.sty
Package: amsopn 2016/03/08 v2.02 operator names
)
\inf@bad=\count82
LaTeX Info: Redefining \frac on input line 213.
\uproot@=\count83
\leftroot@=\count84
LaTeX Info: Redefining \overline on input line 375.
\classnum@=\count85
\DOTSCASE@=\count86
LaTeX Info: Redefining \ldots on input line 472.
LaTeX Info: Redefining \dots on input line 475.
LaTeX Info: Redefining \cdots on input line 596.
\Mathstrutbox@=\box26
\strutbox@=\box27
\big@size=\dimen108
LaTeX Font Info:    Redeclaring font encoding OML on input line 712.
LaTeX Font Info:    Redeclaring font encoding OMS on input line 713.
\macc@depth=\count87
\c@MaxMatrixCols=\count88
\dotsspace@=\muskip10
\c@parentequation=\count89
\dspbrk@lvl=\count90
\tag@help=\toks18
\row@=\count91
\column@=\count92
\maxfields@=\count93
\andhelp@=\toks19
\eqnshift@=\dimen109
\alignsep@=\dimen110
\tagshift@=\dimen111
\tagwidth@=\dimen112
\totwidth@=\dimen113
\lineht@=\dimen114
\@envbody=\toks20
\multlinegap=\skip42
\multlinetaggap=\skip43
\mathdisplay@stack=\toks21
LaTeX Info: Redefining \[ on input line 2817.
LaTeX Info: Redefining \] on input line 2818.
) (./array.sty
Package: array 1998/05/13 v2.3m Tabular extension package (FMi)
\col@sep=\dimen115
\extrarowheight=\dimen116
\NC@list=\toks22
\extratabsurround=\skip44
\backup@length=\skip45
) (./color.sty
Package: color 1999/02/16 v1.0i Standard LaTeX Color (DPC)

(/usr/local/texlive/2017/texmf-dist/tex/latex/graphics-cfg/color.cfg
File: color.cfg 2016/01/02 v1.6 sample color configuration
)
Package color Info: Driver file: pdftex.def on input line 125.
)
(/usr/local/texlive/2017/texmf-dist/tex/latex/amsfonts/amssymb.sty
Package: amssymb 2013/01/14 v3.01 AMS font symbols

(/usr/local/texlive/2017/texmf-dist/tex/latex/amsfonts/amsfonts.sty
Package: amsfonts 2013/01/14 v3.01 Basic AMSFonts support
\symAMSa=\mathgroup4
\symAMSb=\mathgroup5
LaTeX Font Info:    Overwriting math alphabet `\mathfrak' in version `bold'
(Font)                  U/euf/m/n --> U/euf/b/n on input line 106.
))
(./flushend.sty
Package: flushend 1997/10/01
\@aaa=\box28
\@ccc=\box29
\@viper=\box30
\hold@viper=\box31
\atColsBreak=\toks23
\@extra@skip=\dimen117
\@nd@page@rule=\dimen118
) (./stfloats.sty
Package: stfloats 1999/10/22
\@dblbotnum=\count94
\c@dblbotnumber=\count95
)
(/usr/local/texlive/2017/texmf-dist/tex/latex/amscls/amsthm.sty
Package: amsthm 2015/03/04 v2.20.2
\thm@style=\toks24
\thm@bodyfont=\toks25
\thm@headfont=\toks26
\thm@notefont=\toks27
\thm@headpunct=\toks28
\thm@preskip=\skip46
\thm@postskip=\skip47
\thm@headsep=\skip48
\dth@everypar=\toks29
)
(./chngpage.sty
Package: chngpage 2001/01/31 v1.1b change page layout
\c@cp@cnt=\count96
\c@cp@tempcnt=\count97
) (/usr/local/texlive/2017/texmf-dist/tex/latex/psnfss/times.sty
Package: times 2005/04/12 PSNFSS-v9.2a (SPQR) 
) (/usr/local/texlive/2017/texmf-dist/tex/latex/base/fontenc.sty
Package: fontenc 2017/04/05 v2.0i Standard LaTeX package

(/usr/local/texlive/2017/texmf-dist/tex/latex/ly1/ly1enc.def
File: ly1enc.def 2009/07/22 v0.7 TeX 'n ANSI encoding (DPC/KB)
)
LaTeX Font Info:    Try loading font information for LY1+ptm on input line 105.


(/usr/local/texlive/2017/texmf-dist/tex/latex/ly1/ly1ptm.fd
File: ly1ptm.fd 2001/02/01 font definitions for LY1/ptm using Berry names.
))
\c@section=\count98
\c@subsection=\count99
\c@subsubsection=\count100
\c@paragraph=\count101
\c@subparagraph=\count102
\c@figure=\count103
\c@table=\count104
\dropfromtop=\skip49
\extraspace=\skip50
\aboveskipchk=\skip51
\abovecaptionskip=\skip52
\belowcaptionskip=\skip53
\rotdimen=\dimen119
\tempdime=\dimen120
\temptbox=\box32
 (./natbib.sty
Package: natbib 2000/07/24 7.0a (PWD)
\bibhang=\skip54
\bibsep=\skip55
LaTeX Info: Redefining \cite on input line 508.
\c@NAT@ctr=\count105
))
(./Spatial Community Clustering in Gut Microbiome.aux)
\openout1 = `"Spatial Community Clustering in Gut Microbiome.aux"'.

LaTeX Font Info:    Checking defaults for OML/cmm/m/it on input line 7.
LaTeX Font Info:    ... okay on input line 7.
LaTeX Font Info:    Checking defaults for T1/cmr/m/n on input line 7.
LaTeX Font Info:    ... okay on input line 7.
LaTeX Font Info:    Checking defaults for OT1/cmr/m/n on input line 7.
LaTeX Font Info:    ... okay on input line 7.
LaTeX Font Info:    Checking defaults for OMS/cmsy/m/n on input line 7.
LaTeX Font Info:    ... okay on input line 7.
LaTeX Font Info:    Checking defaults for OMX/cmex/m/n on input line 7.
LaTeX Font Info:    ... okay on input line 7.
LaTeX Font Info:    Checking defaults for U/cmr/m/n on input line 7.
LaTeX Font Info:    ... okay on input line 7.
LaTeX Font Info:    Checking defaults for LY1/ptm/m/n on input line 7.
LaTeX Font Info:    ... okay on input line 7.

(/usr/local/texlive/2017/texmf-dist/tex/context/base/mkii/supp-pdf.mkii
[Loading MPS to PDF converter (version 2006.09.02).]
\scratchcounter=\count106
\scratchdimen=\dimen121
\scratchbox=\box33
\nofMPsegments=\count107
\nofMParguments=\count108
\everyMPshowfont=\toks30
\MPscratchCnt=\count109
\MPscratchDim=\dimen122
\MPnumerator=\count110
\makeMPintoPDFobject=\count111
\everyMPtoPDFconversion=\toks31
) (/usr/local/texlive/2017/texmf-dist/tex/generic/oberdiek/pdftexcmds.sty
Package: pdftexcmds 2017/03/19 v0.25 Utility functions of pdfTeX for LuaTeX (HO
)

(/usr/local/texlive/2017/texmf-dist/tex/generic/oberdiek/ifluatex.sty
Package: ifluatex 2016/05/16 v1.4 Provides the ifluatex switch (HO)
Package ifluatex Info: LuaTeX not detected.
)
(/usr/local/texlive/2017/texmf-dist/tex/generic/oberdiek/ifpdf.sty
Package: ifpdf 2017/03/15 v3.2 Provides the ifpdf switch
)
Package pdftexcmds Info: LuaTeX not detected.
Package pdftexcmds Info: \pdf@primitive is available.
Package pdftexcmds Info: \pdf@ifprimitive is available.
Package pdftexcmds Info: \pdfdraftmode found.
)
(/usr/local/texlive/2017/texmf-dist/tex/latex/oberdiek/epstopdf-base.sty
Package: epstopdf-base 2016/05/15 v2.6 Base part for package epstopdf

(/usr/local/texlive/2017/texmf-dist/tex/latex/oberdiek/grfext.sty
Package: grfext 2016/05/16 v1.2 Manage graphics extensions (HO)

(/usr/local/texlive/2017/texmf-dist/tex/generic/oberdiek/kvdefinekeys.sty
Package: kvdefinekeys 2016/05/16 v1.4 Define keys (HO)
))
(/usr/local/texlive/2017/texmf-dist/tex/latex/oberdiek/kvoptions.sty
Package: kvoptions 2016/05/16 v3.12 Key value format for package options (HO)

(/usr/local/texlive/2017/texmf-dist/tex/generic/oberdiek/kvsetkeys.sty
Package: kvsetkeys 2016/05/16 v1.17 Key value parser (HO)

(/usr/local/texlive/2017/texmf-dist/tex/generic/oberdiek/etexcmds.sty
Package: etexcmds 2016/05/16 v1.6 Avoid name clashes with e-TeX commands (HO)
Package etexcmds Info: Could not find \expanded.
(etexcmds)             That can mean that you are not using pdfTeX 1.50 or
(etexcmds)             that some package has redefined \expanded.
(etexcmds)             In the latter case, load this package earlier.
)))
Package epstopdf-base Info: Redefining graphics rule for `.eps' on input line 4
38.
Package grfext Info: Graphics extension search list:
(grfext)             [.png,.pdf,.jpg,.mps,.jpeg,.jbig2,.jb2,.PNG,.PDF,.JPG,.JPE
G,.JBIG2,.JB2,.eps]
(grfext)             \AppendGraphicsExtensions on input line 456.

(/usr/local/texlive/2017/texmf-dist/tex/latex/latexconfig/epstopdf-sys.cfg
File: epstopdf-sys.cfg 2010/07/13 v1.3 Configuration of (r)epstopdf for TeX Liv
e
))
LaTeX Font Info:    Try loading font information for LY1+phv on input line 31.

(/usr/local/texlive/2017/texmf-dist/tex/latex/ly1/ly1phv.fd
File: ly1phv.fd 2001/02/01 scalable font definitions for LY1/phv using Berry na
mes.
)
Package epstopdf Info: Source file: <OUP_First_SBk_Bot_8401.eps>
(epstopdf)                    date: 2015-11-25 11:49:46
(epstopdf)                    size: 407286 bytes
(epstopdf)             Output file: <OUP_First_SBk_Bot_8401-eps-converted-to.pd
f>
(epstopdf)                    date: 2015-11-25 11:49:46
(epstopdf)                    size: 9259 bytes
(epstopdf)             Command: <repstopdf --outfile=OUP_First_SBk_Bot_8401-eps
-converted-to.pdf OUP_First_SBk_Bot_8401.eps>
(epstopdf)             \includegraphics on input line 31.
Package epstopdf Info: Output file is already uptodate.

<OUP_First_SBk_Bot_8401-eps-converted-to.pdf, id=1, 54.2025pt x 54.2025pt>
File: OUP_First_SBk_Bot_8401-eps-converted-to.pdf Graphic file (type pdf)

<use OUP_First_SBk_Bot_8401-eps-converted-to.pdf>
Package pdftex.def Info: OUP_First_SBk_Bot_8401-eps-converted-to.pdf used on in
put line 31.
(pdftex.def)             Requested size: 54.20236pt x 54.20236pt.
LaTeX Font Info:    Font shape `LY1/phv/bx/n' in size <8> not available
(Font)              Font shape `LY1/phv/b/n' tried instead on input line 31.
LaTeX Font Info:    Font shape `LY1/phv/bx/n' in size <18> not available
(Font)              Font shape `LY1/phv/b/n' tried instead on input line 31.
LaTeX Font Info:    Font shape `LY1/phv/bx/n' in size <12> not available
(Font)              Font shape `LY1/phv/b/n' tried instead on input line 31.
LaTeX Font Info:    Try loading font information for U+msa on input line 31.

(/usr/local/texlive/2017/texmf-dist/tex/latex/amsfonts/umsa.fd
File: umsa.fd 2013/01/14 v3.01 AMS symbols A
)
LaTeX Font Info:    Try loading font information for U+msb on input line 31.

(/usr/local/texlive/2017/texmf-dist/tex/latex/amsfonts/umsb.fd
File: umsb.fd 2013/01/14 v3.01 AMS symbols B
)
LaTeX Font Info:    Font shape `LY1/phv/bx/n' in size <9> not available
(Font)              Font shape `LY1/phv/b/n' tried instead on input line 31.
LaTeX Font Info:    Font shape `LY1/phv/bx/n' in size <7> not available
(Font)              Font shape `LY1/phv/b/n' tried instead on input line 31.


LaTeX Font Warning: Font shape `OT1/cmr/m/n' in size <6.5> not available
(Font)              size <6> substituted on input line 31.


LaTeX Font Warning: Font shape `OML/cmm/m/it' in size <6.5> not available
(Font)              size <6> substituted on input line 31.


LaTeX Font Warning: Font shape `OMS/cmsy/m/n' in size <6.5> not available
(Font)              size <6> substituted on input line 31.

LaTeX Font Info:    Calculating math sizes for size <8.5> on input line 31.

LaTeX Font Warning: Font shape `OT1/cmr/m/n' in size <8.5> not available
(Font)              size <8> substituted on input line 31.


LaTeX Font Warning: Font shape `OT1/cmr/m/n' in size <4.25> not available
(Font)              size <5> substituted on input line 31.


LaTeX Font Warning: Font shape `OML/cmm/m/it' in size <8.5> not available
(Font)              size <8> substituted on input line 31.


LaTeX Font Warning: Font shape `OML/cmm/m/it' in size <4.25> not available
(Font)              size <5> substituted on input line 31.


LaTeX Font Warning: Font shape `OMS/cmsy/m/n' in size <8.5> not available
(Font)              size <8> substituted on input line 31.


LaTeX Font Warning: Font shape `OMS/cmsy/m/n' in size <4.25> not available
(Font)              size <5> substituted on input line 31.

LaTeX Font Info:    Font shape `LY1/phv/bx/n' in size <10> not available
(Font)              Font shape `LY1/phv/b/n' tried instead on input line 31.
LaTeX Font Info:    Font shape `LY1/phv/m/it' in size <9> not available
(Font)              Font shape `LY1/phv/m/sl' tried instead on input line 31.

Overfull \hbox (21.82074pt too wide) in paragraph at lines 31--31
\LY1/phv/b/n/9 Supplementary information: \LY1/phv/m/n/9 Supplementary data are
 available at \LY1/phv/m/sl/9 https://github.com/zhongguojie1998/Spatial-
 []


Underfull \hbox (badness 10000) detected at line 31
[]
 []


Underfull \hbox (badness 1024) in paragraph at lines 37--38
\LY1/ptm/m/n/8 local microbiome community clustering with meaningful functional

 []


Underfull \vbox (badness 10000) has occurred while \output is active []


Overfull \hbox (1.12001pt too wide) has occurred while \output is active
 []
 []

[1{/usr/local/texlive/2017/texmf-var/fonts/map/pdftex/updmap/pdftex.map}



 <./OUP_First_SBk_Bot_8401-eps-converted-to.pdf>]
Underfull \hbox (badness 1728) in paragraph at lines 76--77
\LY1/ptm/m/n/8 consider each hidden microbiome community as a unit of meta-
 []

<fig_1_a.pdf, id=23, 1156.32pt x 867.24pt>
File: fig_1_a.pdf Graphic file (type pdf)
 <use fig_1_a.pdf>
Package pdftex.def Info: fig_1_a.pdf used on input line 95.
(pdftex.def)             Requested size: 300.00093pt x 225.0007pt.

<fig_1_b.pdf, id=24, 1156.32pt x 867.24pt>
File: fig_1_b.pdf Graphic file (type pdf)
 <use fig_1_b.pdf>
Package pdftex.def Info: fig_1_b.pdf used on input line 96.
(pdftex.def)             Requested size: 300.00093pt x 225.0007pt.
LaTeX Font Info:    Try loading font information for LY1+phb on input line 98.
LaTeX Font Info:    No file LY1phb.fd. on input line 98.


LaTeX Font Warning: Font shape `LY1/phb/m/n' undefined
(Font)              using `LY1/ptm/m/n' instead on input line 98.

LaTeX Font Info:    Font shape `LY1/phv/bx/n' in size <6.5> not available
(Font)              Font shape `LY1/phv/b/n' tried instead on input line 98.
LaTeX Font Info:    Calculating math sizes for size <6.5> on input line 98.

LaTeX Font Warning: Font shape `OT1/cmr/m/n' in size <4.54997> not available
(Font)              size <5> substituted on input line 98.


LaTeX Font Warning: Font shape `OT1/cmr/m/n' in size <3.25> not available
(Font)              size <5> substituted on input line 98.


LaTeX Font Warning: Font shape `OML/cmm/m/it' in size <4.54997> not available
(Font)              size <5> substituted on input line 98.


LaTeX Font Warning: Font shape `OML/cmm/m/it' in size <3.25> not available
(Font)              size <5> substituted on input line 98.


LaTeX Font Warning: Font shape `OMS/cmsy/m/n' in size <4.54997> not available
(Font)              size <5> substituted on input line 98.


LaTeX Font Warning: Font shape `OMS/cmsy/m/n' in size <3.25> not available
(Font)              size <5> substituted on input line 98.


LaTeX Font Warning: Font shape `OT1/cmr/bx/n' in size <6.5> not available
(Font)              size <6> substituted on input line 98.


LaTeX Font Warning: Font shape `OT1/cmr/bx/n' in size <4.54997> not available
(Font)              size <5> substituted on input line 98.


LaTeX Font Warning: Font shape `OT1/cmr/bx/n' in size <3.25> not available
(Font)              size <5> substituted on input line 98.


LaTeX Font Warning: Font shape `OML/cmm/b/it' in size <6.5> not available
(Font)              size <6> substituted on input line 98.


LaTeX Font Warning: Font shape `OML/cmm/b/it' in size <4.54997> not available
(Font)              size <5> substituted on input line 98.


LaTeX Font Warning: Font shape `OML/cmm/b/it' in size <3.25> not available
(Font)              size <5> substituted on input line 98.


LaTeX Font Warning: Font shape `OMS/cmsy/b/n' in size <6.5> not available
(Font)              size <6> substituted on input line 98.


LaTeX Font Warning: Font shape `OMS/cmsy/b/n' in size <4.54997> not available
(Font)              size <5> substituted on input line 98.


LaTeX Font Warning: Font shape `OMS/cmsy/b/n' in size <3.25> not available
(Font)              size <5> substituted on input line 98.

LaTeX Font Info:    Font shape `LY1/ptm/bx/n' in size <8> not available
(Font)              Font shape `LY1/ptm/b/n' tried instead on input line 104.

Underfull \hbox (badness 5771) in paragraph at lines 104--104
[]\LY1/ptm/b/n/8 Fat metabolism pathways are enriched in communities
 []

LaTeX Font Info:    Font shape `LY1/phv/m/it' in size <8> not available
(Font)              Font shape `LY1/phv/m/sl' tried instead on input line 107.

Overfull \hbox (252.0pt too wide) has occurred while \output is active
[][] 
 []

[2 <./fig_1_a.pdf> <./fig_1_b.pdf>]
<fig_2.pdf, id=46, 1016.79875pt x 1033.8625pt>
File: fig_2.pdf Graphic file (type pdf)
 <use fig_2.pdf>
Package pdftex.def Info: fig_2.pdf used on input line 110.
(pdftex.def)             Requested size: 245.86746pt x 249.99358pt.

<fig_3_a.pdf, id=47, 505.89pt x 505.89pt>
File: fig_3_a.pdf Graphic file (type pdf)
 <use fig_3_a.pdf>
Package pdftex.def Info: fig_3_a.pdf used on input line 119.
(pdftex.def)             Requested size: 139.9963pt x 139.9963pt.

<fig_3_b.pdf, id=48, 505.89pt x 505.89pt>
File: fig_3_b.pdf Graphic file (type pdf)
 <use fig_3_b.pdf>
Package pdftex.def Info: fig_3_b.pdf used on input line 120.
(pdftex.def)             Requested size: 139.9963pt x 139.9963pt.

<fig_4_a.pdf, id=49, 867.24pt x 867.24pt>
File: fig_4_a.pdf Graphic file (type pdf)
 <use fig_4_a.pdf>
Package pdftex.def Info: fig_4_a.pdf used on input line 125.
(pdftex.def)             Requested size: 139.9919pt x 139.9919pt.

<fig_4_b.pdf, id=50, 867.24pt x 867.24pt>
File: fig_4_b.pdf Graphic file (type pdf)
 <use fig_4_b.pdf>
Package pdftex.def Info: fig_4_b.pdf used on input line 126.
(pdftex.def)             Requested size: 139.9919pt x 139.9919pt.

Underfull \hbox (badness 5331) in paragraph at lines 132--133
\LY1/ptm/m/n/8 functional microbiome communities. We used Bernoulli matrix
 []


Overfull \hbox (252.0pt too wide) has occurred while \output is active
[][] 
 []

[3 <./fig_2.pdf> <./fig_3_a.pdf> <./fig_3_b.pdf> <./fig_4_a.pdf> <./fig_4_b.pdf
>]
LaTeX Font Info:    Font shape `LY1/ptm/bx/n' in size <7> not available
(Font)              Font shape `LY1/ptm/b/n' tried instead on input line 142.

Underfull \hbox (badness 1077) in paragraph at lines 142--143
[]\LY1/ptm/m/n/7 Byrd, R.H., J. C. Gilbert, & J. Nocedal, (2000) A Trust Region
 Method
 []

Extra height:10.0pt when 278.5pt
Extra height:10.0pt when 279.5pt
Extra height:10.0pt when 280.5pt
Extra height:0.0pt when 281.5pt
(2)Left:281.5pt Right:281.0pt Output:281.5pt
- LAST -
Extra skip:0.0pt
Left:281.5pt
Right:281.0pt
Output:281.5pt

Overfull \hbox (252.0pt too wide) has occurred while \output is active
[][] 
 []

[4

] (./Spatial Community Clustering in Gut Microbiome.aux

Package natbib Warning: Citation(s) may have changed.
(natbib)                Rerun to get citations correct.

)

LaTeX Font Warning: Size substitutions with differences
(Font)              up to 1.75pt have occurred.


LaTeX Font Warning: Some font shapes were not available, defaults substituted.

 ) 
Here is how much of TeX's memory you used:
 3751 strings out of 492995
 47261 string characters out of 6132704
 121050 words of memory out of 5000000
 7195 multiletter control sequences out of 15000+600000
 59766 words of font info for 111 fonts, out of 8000000 for 9000
 1145 hyphenation exceptions out of 8191
 39i,13n,28p,878b,288s stack positions out of 5000i,500n,10000p,200000b,80000s
{/usr/local/texlive/2017/texmf-dist/fonts/enc/dvips/ly1/texnansi.enc}</usr/lo
cal/texlive/2017/texmf-dist/fonts/type1/public/amsfonts/cmextra/cmbsy9.pfb></us
r/local/texlive/2017/texmf-dist/fonts/type1/public/amsfonts/cm/cmbx9.pfb></usr/
local/texlive/2017/texmf-dist/fonts/type1/public/amsfonts/cmextra/cmex8.pfb></u
sr/local/texlive/2017/texmf-dist/fonts/type1/public/amsfonts/cm/cmmi6.pfb></usr
/local/texlive/2017/texmf-dist/fonts/type1/public/amsfonts/cm/cmmi8.pfb></usr/l
ocal/texlive/2017/texmf-dist/fonts/type1/public/amsfonts/cmextra/cmmib6.pfb></u
sr/local/texlive/2017/texmf-dist/fonts/type1/public/amsfonts/cmextra/cmmib8.pfb
></usr/local/texlive/2017/texmf-dist/fonts/type1/public/amsfonts/cmextra/cmmib9
.pfb></usr/local/texlive/2017/texmf-dist/fonts/type1/public/amsfonts/cm/cmr6.pf
b></usr/local/texlive/2017/texmf-dist/fonts/type1/public/amsfonts/cm/cmr8.pfb><
/usr/local/texlive/2017/texmf-dist/fonts/type1/public/amsfonts/cm/cmsy6.pfb></u
sr/local/texlive/2017/texmf-dist/fonts/type1/public/amsfonts/cm/cmsy8.pfb></usr
/local/texlive/2017/texmf-dist/fonts/type1/urw/helvetic/uhvb8a.pfb></usr/local/
texlive/2017/texmf-dist/fonts/type1/urw/helvetic/uhvr8a.pfb></usr/local/texlive
/2017/texmf-dist/fonts/type1/urw/helvetic/uhvr8ac.pfb></usr/local/texlive/2017/
texmf-dist/fonts/type1/urw/helvetic/uhvro8a.pfb></usr/local/texlive/2017/texmf-
dist/fonts/type1/urw/helvetic/uhvro8ac.pfb></usr/local/texlive/2017/texmf-dist/
fonts/type1/urw/times/utmb8a.pfb></usr/local/texlive/2017/texmf-dist/fonts/type
1/urw/times/utmr8a.pfb></usr/local/texlive/2017/texmf-dist/fonts/type1/urw/time
s/utmri8a.pfb>
Output written on "Spatial Community Clustering in Gut Microbiome.pdf" (4 pages
, 1536501 bytes).
PDF statistics:
 167 PDF objects out of 1000 (max. 8388607)
 117 compressed objects within 2 object streams
 0 named destinations out of 1000 (max. 500000)
 41 words of extra memory for PDF output out of 10000 (max. 10000000)

